<?xml version="1.0" encoding="UTF-8"?>
<!-- Generated by org.testng.reporters.JUnitReportReporter -->
<testsuite skipped="0" hostname="MacbookPro.local" name="tests.NewTest" tests="1" failures="0" timestamp="2019-09-25T20:07:03 ICT" time="9.092" errors="0">
  <testcase name="openMyBlog" time="9.092" classname="tests.NewTest"/>
</testsuite> <!-- tests.NewTest -->
