<?xml version="1.0" encoding="UTF-8"?>
<!-- Generated by org.testng.reporters.JUnitReportReporter -->
<testsuite skipped="0" hostname="MacbookPro.local" name="tests.InputFormsTest" tests="1" failures="0" timestamp="2019-09-29T16:45:47 ICT" time="38.304" errors="0">
  <testcase name="TC001_UserCanGoInputForms" time="38.304" classname="tests.InputFormsTest"/>
</testsuite> <!-- tests.InputFormsTest -->
